10.18/proguard/seeds.txt
com.cosji.activitys.AcountDetils
com.cosji.activitys.AcountDetils: AcountDetils()
com.cosji.activitys.AdviceActivity
com.cosji.activitys.AdviceActivity: AdviceActivity()
com.cosji.activitys.BaseActivity: BaseActivity()
com.cosji.activitys.BaseTab: BaseTab()
com.cosji.activitys.GoodsActivity
com.cosji.activitys.GoodsActivity: GoodsActivity()
com.cosji.activitys.GoodsDetialsActivitys
com.cosji.activitys.GoodsDetialsActivitys: GoodsDetialsActivitys()
com.cosji.activitys.GuideActivity
com.cosji.activitys.GuideActivity: GuideActivity()
com.cosji.activitys.HomeActivity
com.cosji.activitys.HomeActivity: HomeActivity()
com.cosji.activitys.InnerMessageActivity
com.cosji.activitys.InnerMessageActivity: InnerMessageActivity()
com.cosji.activitys.JifenbaoActivity
com.cosji.activitys.JifenbaoActivity: JifenbaoActivity()
com.cosji.activitys.JiuYuanActivity
com.cosji.activitys.JiuYuanActivity: JiuYuanActivity()
com.cosji.activitys.LoginActivity
com.cosji.activitys.LoginActivity: LoginActivity()
com.cosji.activitys.MainTabActivity
com.cosji.activitys.MainTabActivity: MainTabActivity()
com.cosji.activitys.MallMoreActivity
com.cosji.activitys.MallMoreActivity: MallMoreActivity()
com.cosji.activitys.MineActivity
com.cosji.activitys.MineActivity: MineActivity()
com.cosji.activitys.OtherGoodsDetilsActivity
com.cosji.activitys.OtherGoodsDetilsActivity: OtherGoodsDetilsActivity()
com.cosji.activitys.R$anim: int arrow
com.cosji.activitys.R$anim: int arrow_back
com.cosji.activitys.R$anim: int check_version_in
com.cosji.activitys.R$anim: int check_version_out
com.cosji.activitys.R$anim: int hidden
com.cosji.activitys.R$anim: int hyperspace_in
com.cosji.activitys.R$anim: int hyperspace_out
com.cosji.activitys.R$anim: int inputdown
com.cosji.activitys.R$anim: int loading_animation
com.cosji.activitys.R$anim: int loading_progressbar
com.cosji.activitys.R$anim: int outputdown
com.cosji.activitys.R$anim: int outputup
com.cosji.activitys.R$anim: int progress_refresh
com.cosji.activitys.R$anim: int progress_refresh_small
com.cosji.activitys.R$anim: int rotate_down
com.cosji.activitys.R$anim: int rotate_up
com.cosji.activitys.R$anim: int shake
com.cosji.activitys.R$anim: int slide_dowm
com.cosji.activitys.R$anim: int slide_left_in
com.cosji.activitys.R$anim: int slide_left_out
com.cosji.activitys.R$anim: int slide_right_in
com.cosji.activitys.R$anim: int slide_right_out
com.cosji.activitys.R$anim: int slide_up
com.cosji.activitys.R$color: int alpha_00
com.cosji.activitys.R$color: int alpha_pressed
com.cosji.activitys.R$color: int autocompletview_drop
com.cosji.activitys.R$color: int background
com.cosji.activitys.R$color: int black
com.cosji.activitys.R$color: int blue
com.cosji.activitys.R$color: int fourtyper_black
com.cosji.activitys.R$color: int fourtyper_white
com.cosji.activitys.R$color: int gold
com.cosji.activitys.R$color: int gray
com.cosji.activitys.R$color: int green
com.cosji.activitys.R$color: int grey
com.cosji.activitys.R$color: int grey21
com.cosji.activitys.R$color: int help_grey
com.cosji.activitys.R$color: int home_bg_color
com.cosji.activitys.R$color: int hyaline
com.cosji.activitys.R$color: int income_entity_color
com.cosji.activitys.R$color: int income_item_back
com.cosji.activitys.R$color: int income_time_color
com.cosji.activitys.R$color: int label_pressed
com.cosji.activitys.R$color: int label_pressed1
com.cosji.activitys.R$color: int light_orange
com.cosji.activitys.R$color: int lucensy
com.cosji.activitys.R$color: int message_page_buttom
com.cosji.activitys.R$color: int orange
com.cosji.activitys.R$color: int orange_secend
com.cosji.activitys.R$color: int pink_grey
com.cosji.activitys.R$color: int pressed_title
com.cosji.activitys.R$color: int rebate_tabhost
com.cosji.activitys.R$color: int red
com.cosji.activitys.R$color: int remenberUser
com.cosji.activitys.R$color: int tab_text
com.cosji.activitys.R$color: int taobao_rebate_back
...
android.support.v4.view.PagerTabStrip: void setTabIndicatorColor(int)
android.support.v4.view.PagerTabStrip: void setTabIndicatorColorResource(int)
android.support.v4.view.PagerTabStrip: int getTabIndicatorColor()
android.support.v4.view.PagerTabStrip: void setTextSpacing(int)
android.support.v4.view.PagerTabStrip: void setBackgroundDrawable(android.graphics.drawable.Drawable)
android.support.v4.view.PagerTabStrip: void setBackgroundColor(int)
android.support.v4.view.PagerTabStrip: void setBackgroundResource(int)
android.support.v4.view.PagerTabStrip: void setDrawFullUnderline(boolean)
android.support.v4.view.PagerTabStrip: boolean getDrawFullUnderline()
android.support.v4.view.PagerTabStrip: int getMinHeight()
android.support.v4.view.PagerTitleStrip: void setSingleLineAllCaps(android.widget.TextView)
android.support.v4.view.PagerTitleStrip: void setTextSpacing(int)
android.support.v4.view.PagerTitleStrip: int getTextSpacing()
android.support.v4.view.PagerTitleStrip: void setNonPrimaryAlpha(float)
android.support.v4.view.PagerTitleStrip: void setTextColor(int)
android.support.v4.view.PagerTitleStrip: void setGravity(int)
android.support.v4.view.PagerTitleStrip: int getMinHeight()
android.support.v4.view.ViewPager
android.support.v4.view.ViewPager: ViewPager(android.content.Context)
android.support.v4.view.ViewPager: ViewPager(android.content.Context,android.util.AttributeSet)
android.support.v4.view.ViewPager: void setScrollState(int)
android.support.v4.view.ViewPager: void setAdapter(android.support.v4.view.PagerAdapter)
android.support.v4.view.ViewPager: android.support.v4.view.PagerAdapter getAdapter()
android.support.v4.view.ViewPager: void setOnAdapterChangeListener(android.support.v4.view.ViewPager$OnAdapterChangeListener)
android.support.v4.view.ViewPager: void setCurrentItem(int)
android.support.v4.view.ViewPager: int getCurrentItem()
android.support.v4.view.ViewPager: void setOnPageChangeListener(android.support.v4.view.ViewPager$OnPageChangeListener)
android.support.v4.view.ViewPager: int getOffscreenPageLimit()
android.support.v4.view.ViewPager: void setOffscreenPageLimit(int)
android.support.v4.view.ViewPager: void setPageMargin(int)
android.support.v4.view.ViewPager: int getPageMargin()
android.support.v4.view.ViewPager: void setPageMarginDrawable(android.graphics.drawable.Drawable)
android.support.v4.view.ViewPager: void setPageMarginDrawable(int)
android.support.v4.view.ViewPager: void setScrollingCacheEnabled(boolean)
android.support.v4.view.ViewPager$SavedState
android.support.v4.view.ViewPager$SavedState: android.os.Parcelable$Creator CREATOR
com.android.browser.BrowserActivity
com.android.browser.BrowserActivity: BrowserActivity()
com.baidu.cloudsdk.social.core.MediaType: com.baidu.cloudsdk.social.core.MediaType[] values()
com.baidu.cloudsdk.social.core.MediaType: com.baidu.cloudsdk.social.core.MediaType valueOf(java.lang.String)
com.baidu.cloudsdk.social.share.ShareContent
com.baidu.cloudsdk.social.share.ShareContent: android.os.Parcelable$Creator CREATOR
com.baidu.cloudsdk.social.share.SocialShare$UIWidgetStyle: com.baidu.cloudsdk.social.share.SocialShare$UIWidgetStyle[] values()
com.baidu.cloudsdk.social.share.SocialShare$UIWidgetStyle: com.baidu.cloudsdk.social.share.SocialShare$UIWidgetStyle valueOf(java.lang.String)
com.baidu.frontia.FrontiaAccount$Type: com.baidu.frontia.FrontiaAccount$Type[] values()
com.baidu.frontia.FrontiaAccount$Type: com.baidu.frontia.FrontiaAccount$Type valueOf(java.lang.String)
com.baidu.frontia.FrontiaApplication: FrontiaApplication()
com.baidu.frontia.FrontiaQuery$SortOrder: com.baidu.frontia.FrontiaQuery$SortOrder[] values()
com.baidu.frontia.FrontiaQuery$SortOrder: com.baidu.frontia.FrontiaQuery$SortOrder valueOf(java.lang.String)
com.baidu.frontia.FrontiaUser$SEX: com.baidu.frontia.FrontiaUser$SEX[] values()
com.baidu.frontia.FrontiaUser$SEX: com.baidu.frontia.FrontiaUser$SEX valueOf(java.lang.String)