10.18/proguard/mapping.txt
com.cosji.activitys.AcountDetils -> com.cosji.activitys.AcountDetils:
    android.widget.TabWidget tabwidget -> a
    java.util.List titlelist -> b
    android.widget.LinearLayout back -> c
    android.widget.ListView income_page_list -> d
    android.widget.ListView my_tixian_page_list -> e
    java.util.List incomelist -> f
    java.util.List tixianlist -> g
    com.cosji.adapter.IncomeAdapter adapter1 -> h
    com.cosji.adapter.IncomeAdapter adapter2 -> i
    android.widget.TabHost tabhost -> j
    android.widget.Button button1 -> k
    android.widget.Button button2 -> l
    android.widget.ProgressBar pro1 -> m
    android.widget.ProgressBar pro2 -> n
    int incometotal -> o
    int withdrawtotal -> p
    int incomepage -> q
    int withdrawpage -> r
    int num -> s
    android.widget.ImageView refresh_big -> t
    android.widget.ImageView refresh_small -> u
    android.widget.ImageView refresh -> v
    android.view.animation.Animation rotate_big -> w
    android.view.animation.Animation rotate_small -> x
    android.view.View moreView1 -> y
    android.view.View moreView2 -> z
    void onCreate(android.os.Bundle) -> onCreate
    void initView() -> a
    void onTabChanged(java.lang.String) -> a
    android.view.View composeLayout(int) -> a
    void onResume() -> onResume
    void onPause() -> onPause
    void LoadData(java.lang.String,int,int,java.lang.String) -> a
    void showdate(int) -> b
    void moredate(int,int,int) -> a
    void anymore(int) -> c
com.cosji.activitys.AcountDetils$1 -> com.cosji.activitys.a:
    com.cosji.activitys.AcountDetils this$0 -> a
    void onTabChanged(java.lang.String) -> onTabChanged
com.cosji.activitys.AcountDetils$2 -> com.cosji.activitys.b:
    com.cosji.activitys.AcountDetils this$0 -> a
    void onClick(android.view.View) -> onClick
com.cosji.activitys.AcountDetils$3 -> com.cosji.activitys.c:
    com.cosji.activitys.AcountDetils this$0 -> a
    void onClick(android.view.View) -> onClick
com.cosji.activitys.AcountDetils$4 -> com.cosji.activitys.d:
    com.cosji.activitys.AcountDetils this$0 -> a
    void onClick(android.view.View) -> onClick
com.cosji.activitys.AcountDetils$5 -> com.cosji.activitys.e:
    com.cosji.activitys.AcountDetils this$0 -> a
    void onClick(android.view.View) -> onClick
com.cosji.activitys.AcountDetils$mytask -> com.cosji.activitys.f:
    com.cosji.activitys.AcountDetils this$0 -> a
    java.util.List doInBackground(java.util.HashMap[]) -> a
    void onPostExecute(java.util.List) -> a
    void onPreExecute() -> onPreExecute
    void onPostExecute(java.lang.Object) -> onPostExecute
    java.lang.Object doInBackground(java.lang.Object[]) -> doInBackground
com.cosji.activitys.AdviceActivity -> com.cosji.activitys.AdviceActivity:
    android.widget.EditText comEditText -> a
    android.widget.ListView complaintcontents -> b
    com.cosji.adapter.AdviceAdapter adapter -> c
    android.widget.LinearLayout bt_back -> d
    java.util.ArrayList data -> e
    android.view.View$OnClickListener lin -> f
    void onCreate(android.os.Bundle) -> onCreate
    void initView() -> b
    java.util.ArrayList initGetData() -> a
    void send() -> c
    void onResume() -> onResume
    void onPause() -> onPause
    void SendData(java.lang.String,java.lang.String,java.lang.String) -> a
    void access$0(com.cosji.activitys.AdviceActivity) -> a
com.cosji.activitys.AdviceActivity$1 -> com.cosji.activitys.g:
    com.cosji.activitys.AdviceActivity this$0 -> a
    void onClick(android.view.View) -> onClick
com.cosji.activitys.AdviceActivity$mytask -> com.cosji.activitys.h:
    com.cosji.activitys.AdviceActivity this$0 -> a
    java.util.List doInBackground(java.util.HashMap[]) -> a
    void onPostExecute(java.util.List) -> a
    void onPreExecute() -> onPreExecute
    void onPostExecute(java.lang.Object) -> onPostExecute
    java.lang.Object doInBackground(java.lang.Object[]) -> doInBackground
...
android.support.v4.app.LoaderManagerImpl -> android.support.v4.app.s:
    boolean DEBUG -> a
    android.support.v4.util.SparseArrayCompat mLoaders -> b
    android.support.v4.util.SparseArrayCompat mInactiveLoaders -> c
    android.support.v4.app.FragmentActivity mActivity -> d
    boolean mStarted -> e
    boolean mRetaining -> f
    void updateActivity(android.support.v4.app.FragmentActivity) -> a
    void doStart() -> b
    void doStop() -> c
    void doRetain() -> d
    void finishRetain() -> e
    void doReportNextStart() -> f
    void doReportStart() -> g
    void doDestroy() -> h
    java.lang.String toString() -> toString
    void dump(java.lang.String,java.io.FileDescriptor,java.io.PrintWriter,java.lang.String[]) -> a
    boolean hasRunningLoaders() -> a
android.support.v4.app.LoaderManagerImpl$LoaderInfo -> android.support.v4.app.t:
    int mId -> a
    android.os.Bundle mArgs -> b
    android.support.v4.app.LoaderManager$LoaderCallbacks mCallbacks -> c
    android.support.v4.content.Loader mLoader -> d
    boolean mHaveData -> e
    boolean mDeliveredData -> f
    java.lang.Object mData -> g
    boolean mStarted -> h
    boolean mRetaining -> i
    boolean mRetainingStarted -> j
    boolean mReportNextStart -> k
    boolean mDestroyed -> l
    boolean mListenerRegistered -> m
    android.support.v4.app.LoaderManagerImpl$LoaderInfo mPendingLoader -> n
    android.support.v4.app.LoaderManagerImpl this$0 -> o
    void start() -> a
    void retain() -> b
    void finishRetain() -> c
    void reportStart() -> d
    void stop() -> e
    void destroy() -> f
    void callOnLoadFinished(android.support.v4.content.Loader,java.lang.Object) -> a
    java.lang.String toString() -> toString
    void dump(java.lang.String,java.io.FileDescriptor,java.io.PrintWriter,java.lang.String[]) -> a
android.support.v4.app.NoSaveStateFrameLayout -> android.support.v4.app.u:
    android.view.ViewGroup wrap(android.view.View) -> a
    void dispatchSaveInstanceState(android.util.SparseArray) -> dispatchSaveInstanceState
    void dispatchRestoreInstanceState(android.util.SparseArray) -> dispatchRestoreInstanceState
android.support.v4.app.SuperNotCalledException -> android.support.v4.app.v:
android.support.v4.content.Loader -> android.support.v4.a.a:
    int mId -> a
    android.support.v4.content.Loader$OnLoadCompleteListener mListener -> b
    boolean mStarted -> c
    boolean mAbandoned -> d
    boolean mReset -> e
    boolean mContentChanged -> f
    void registerListener(int,android.support.v4.content.Loader$OnLoadCompleteListener) -> a
    void unregisterListener(android.support.v4.content.Loader$OnLoadCompleteListener) -> a
    void startLoading() -> a
    void onStartLoading() -> b
    void stopLoading() -> c
    void onStopLoading() -> d
    void reset() -> e
    void onReset() -> f
    java.lang.String dataToString(java.lang.Object) -> a
    java.lang.String toString() -> toString
    void dump(java.lang.String,java.io.FileDescriptor,java.io.PrintWriter,java.lang.String[]) -> a
android.support.v4.content.Loader$OnLoadCompleteListener -> android.support.v4.a.b:
android.support.v4.os.ParcelableCompat -> android.support.v4.b.a:
    android.os.Parcelable$Creator newCreator(android.support.v4.os.ParcelableCompatCreatorCallbacks) -> a
android.support.v4.os.ParcelableCompat$CompatCreator -> android.support.v4.b.b:
    android.support.v4.os.ParcelableCompatCreatorCallbacks mCallbacks -> a
    java.lang.Object createFromParcel(android.os.Parcel) -> createFromParcel
    java.lang.Object[] newArray(int) -> newArray
android.support.v4.os.ParcelableCompatCreatorCallbacks -> android.support.v4.b.c:
    java.lang.Object createFromParcel(android.os.Parcel,java.lang.ClassLoader) -> a
    java.lang.Object[] newArray(int) -> a