10.18/proguard/usage.txt
com.cosji.activitys.BaseActivity:
    private static final java.lang.String ACTION_FILTER
    35:36:public void sendMessageDely(int,long)
    39:41:public void showToast(java.lang.String)
    44:46:public void showToast(int)
com.cosji.activitys.BaseActivity$MyHandler:
    public static final int SHOW_STR_TOAST
    public static final int SHOW_RES_TOAST
    52:52:static synthetic void access$1(com.cosji.activitys.BaseActivity$MyHandler,java.lang.String)
    53:53:static synthetic void access$2(com.cosji.activitys.BaseActivity$MyHandler,int)
com.cosji.activitys.BuildConfig
com.cosji.activitys.GoodsActivity:
    private static final int REFRESH_LIST
com.cosji.activitys.GuideActivity:
    private java.lang.String[] titles
    private android.widget.TextView tv_title
    android.view.GestureDetector gesture
com.cosji.activitys.HomeActivity:
    android.widget.ImageView goodsP1
    android.widget.ImageView goodsP2
    android.widget.TextView goodsN1
    android.widget.TextView goodsN2
    private static final int REFRESH_LIST
    com.cosji.view.MyScrollView scrollView
    private int[] imageResId
com.cosji.activitys.JiuYuanActivity:
    private static final int REFRESH_LIST
com.cosji.activitys.MainTabActivity:
    private static final int SPEED
    private static final int sleep_time
    private float mScrollX
    493:508:void doScrolling(float)
    535:553:public void showMessage(java.lang.String,java.lang.String)
com.cosji.activitys.MainTabActivity$1$1:
    336:336:public void onSuccess()
    338:338:public void onFailure(int,java.lang.String)
    340:340:public void onCancel()
com.cosji.activitys.MainTabActivity$4
com.cosji.activitys.MainTabActivity$5
com.cosji.activitys.MainTabActivity$TabHostTouch:
    private static final int MIN_DISTANCE
    private static final int MIN_VELOCITY
com.cosji.activitys.MallMoreActivity:
    private static final int REFRESH_LIST
com.cosji.activitys.MallMoreActivity$MyTashkRefresh
com.cosji.activitys.MineActivity:
    private static final int USER_AVATAR
com.cosji.activitys.NotificationActivity
com.cosji.activitys.R
com.cosji.activitys.R$anim
com.cosji.activitys.R$attr
com.cosji.activitys.R$color
com.cosji.activitys.R$dimen
com.cosji.activitys.R$drawable
com.cosji.activitys.R$id
com.cosji.activitys.R$layout
com.cosji.activitys.R$menu
com.cosji.activitys.R$string
com.cosji.activitys.R$style
com.cosji.activitys.RegisterActivity:
    45:49:public void jump()
com.cosji.activitys.TaoBaoActivity:
    private static final int REFRESH_LIST
    int n
    int page
    public android.app.Dialog mProgressDialog
    207:213:public void startdialog()
com.cosji.activitys.WelcomeActivity:
    114:122:public android.content.pm.PackageInfo getPackageInfo()
    129:135:public java.lang.String getVersionName()
com.cosji.activitys.WelcomeGuid:
    private java.lang.String[] titles
    private android.widget.TextView tv_title
    android.view.GestureDetector gesture
com.cosji.activitys.rebateQuestionActivity:
    74:75:private int px2dip(android.content.Context,float)
...
com.baidu.frontia.activity.share.FrontiaSocialOAuthActivity:
    static synthetic com.baidu.frontia.module.authorization.IBaiduListener a(com.baidu.frontia.activity.share.FrontiaSocialOAuthActivity)
com.baidu.frontia.activity.share.FrontiaSocialOAuthActivity$1:
    public void onError(com.baidu.frontia.module.authorization.BaiduException)
    public void onComplete()
    public void onComplete(org.json.JSONObject)
    public void onComplete(org.json.JSONArray)
    public void onCancel()
com.baidu.frontia.activity.share.FrontiaWeixinShareActivity:
    static synthetic java.lang.String a()
com.baidu.frontia.activity.share.FrontiaWeixinShareActivity$1:
    public void onResponse(int,java.lang.String,java.lang.String)
com.baidu.frontia.api.FrontiaAuthorization
com.baidu.frontia.api.FrontiaAuthorization$MediaType
com.baidu.frontia.api.FrontiaAuthorization$a
com.baidu.frontia.api.FrontiaAuthorization$a$1
com.baidu.frontia.api.FrontiaAuthorization$b
com.baidu.frontia.api.FrontiaAuthorization$b$1
com.baidu.frontia.api.FrontiaAuthorizationListener
com.baidu.frontia.api.FrontiaAuthorizationListener$AuthorizationListener
com.baidu.frontia.api.FrontiaAuthorizationListener$UserInfoListener
com.baidu.frontia.api.FrontiaPush:
    com.baidu.frontia.module.push.FrontiaPushImpl a()
    public void setNotificationBuilder(int,com.baidu.frontia.api.FrontiaPushUtil$a)
    public void stop()
    public void resume()
    public boolean isPushWorking()
    public void start(java.lang.String)
    public void setTags(java.util.List)
    public void deleteTags(java.util.List)
    public void listTags()
    public void enableLbs()
    public void disableLbs()
    public void pushMessage(java.lang.String,java.lang.String,com.baidu.frontia.api.FrontiaPushUtil$MessageContent,com.baidu.frontia.api.FrontiaPushListener$PushMessageListener)
    public void pushMessage(java.lang.String,com.baidu.frontia.api.FrontiaPushUtil$MessageContent,com.baidu.frontia.api.FrontiaPushListener$PushMessageListener)
    public void pushMessage(com.baidu.frontia.api.FrontiaPushUtil$MessageContent,com.baidu.frontia.api.FrontiaPushListener$PushMessageListener)
    public void pushMessage(java.lang.String,java.lang.String,com.baidu.frontia.api.FrontiaPushUtil$Trigger,com.baidu.frontia.api.FrontiaPushUtil$MessageContent,com.baidu.frontia.api.FrontiaPushListener$PushMessageListener)
    public void pushMessage(java.lang.String,com.baidu.frontia.api.FrontiaPushUtil$Trigger,com.baidu.frontia.api.FrontiaPushUtil$MessageContent,com.baidu.frontia.api.FrontiaPushListener$PushMessageListener)
com.baidu.frontia.api.FrontiaPush$a
com.baidu.frontia.api.FrontiaPush$a$1
com.baidu.frontia.api.FrontiaPush$b
com.baidu.frontia.api.FrontiaPush$b$1
com.baidu.frontia.api.FrontiaPush$c
com.baidu.frontia.api.FrontiaPush$c$1
com.baidu.frontia.api.FrontiaPush$d
com.baidu.frontia.api.FrontiaPush$d$1
com.baidu.frontia.api.FrontiaPushListener
com.baidu.frontia.api.FrontiaPushListener$CommonMessageListener
com.baidu.frontia.api.FrontiaPushListener$DescribeMessageListener
com.baidu.frontia.api.FrontiaPushListener$DescribeMessageResult
com.baidu.frontia.api.FrontiaPushListener$ListMessageListener
com.baidu.frontia.api.FrontiaPushListener$PushMessageListener
com.baidu.frontia.api.FrontiaPushUtil
com.baidu.frontia.api.FrontiaPushUtil$AndroidContent
com.baidu.frontia.api.FrontiaPushUtil$DefaultNotificationStyle
com.baidu.frontia.api.FrontiaPushUtil$DeployStatus
com.baidu.frontia.api.FrontiaPushUtil$FrontiaPushBasicNotificationBuilder
com.baidu.frontia.api.FrontiaPushUtil$FrontiaPushCustomNotificationBuilder
com.baidu.frontia.api.FrontiaPushUtil$IOSContent
com.baidu.frontia.api.FrontiaPushUtil$MessageContent
com.baidu.frontia.api.FrontiaPushUtil$NotificationContent
com.baidu.frontia.api.FrontiaPushUtil$Trigger
com.baidu.frontia.api.FrontiaPushUtil$a